<?xml version="1.0" encoding="UTF-8" ?>
<testsuite tests="8" failures="1" name="com.mysamples.ref.optym.vameork.validators.FileValidatorsTest" time="0.733" errors="0" skipped="0">
  <properties>
[...]
</properties>
  <testcase classname="com.mysamples.ref.optym.vameork.validators.FileValidatorsTest" name="testFileNotExistScenario" time="0"/>
  <testcase classname="com.mysamples.ref.optym.vameork.validators.FileValidatorsTest" name="testIsFileEmpty" time="0.495"/>
  <testcase classname="com.mysamples.ref.optym.vameork.validators.FileValidatorsTest" name="testFileIsHavingOnlyHeader" time="0.073"/>
  <testcase classname="com.mysamples.ref.optym.vameork.validators.FileValidatorsTest" name="testFileForCorrectHeaderColumnFormat" time="0.061"/>
  <testcase classname="com.mysamples.ref.optym.vameork.validators.FileValidatorsTest" name="testIsFileExists" time="0.029"/>
  <testcase classname="com.mysamples.ref.optym.vameork.validators.FileValidatorsTest" name="testFileForWrongHeaderColumnFormat" time="0.029">
    <failure type="java.lang.AssertionError">java.lang.AssertionError
	at org.junit.Assert.fail(Assert.java:86)
	at org.junit.Assert.assertTrue(Assert.java:41)
	at org.junit.Assert.assertFalse(Assert.java:64)
	at org.junit.Assert.assertFalse(Assert.java:74)
	at com.mysamples.ref.optym.vameork.validators.FileValidatorsTest.testFileForWrongHeaderColumnFormat(FileValidatorsTest.java:82)
	at sun.reflect.NativeMethodAccessorImpl.invoke0(Native Method)
	at sun.reflect.NativeMethodAccessorImpl.invoke(NativeMethodAccessorImpl.java:62)
	at sun.reflect.DelegatingMethodAccessorImpl.invoke(DelegatingMethodAccessorImpl.java:43)
	at java.lang.reflect.Method.invoke(Method.java:498)
	at org.junit.runners.model.FrameworkMethod$1.runReflectiveCall(FrameworkMethod.java:47)
	at org.junit.internal.runners.model.ReflectiveCallable.run(ReflectiveCallable.java:12)
	at org.junit.runners.model.FrameworkMethod.invokeExplosively(FrameworkMethod.java:44)
	at org.junit.internal.runners.statements.InvokeMethod.evaluate(InvokeMethod.java:17)
	at org.junit.internal.runners.statements.RunBefores.evaluate(RunBefores.java:26)
	at org.junit.runners.ParentRunner.runLeaf(ParentRunner.java:271)
	at org.junit.runners.BlockJUnit4ClassRunner.runChild(BlockJUnit4ClassRunner.java:70)
	at org.junit.runners.BlockJUnit4ClassRunner.runChild(BlockJUnit4ClassRunner.java:50)
	at org.junit.runners.ParentRunner$3.run(ParentRunner.java:238)
	at org.junit.runners.ParentRunner$1.schedule(ParentRunner.java:63)
	at org.junit.runners.ParentRunner.runChildren(ParentRunner.java:236)
	at org.junit.runners.ParentRunner.access$000(ParentRunner.java:53)
	at org.junit.runners.ParentRunner$2.evaluate(ParentRunner.java:229)
	at org.junit.runners.ParentRunner.run(ParentRunner.java:309)
	at org.apache.maven.surefire.junit4.JUnit4Provider.execute(JUnit4Provider.java:252)
	at org.apache.maven.surefire.junit4.JUnit4Provider.executeTestSet(JUnit4Provider.java:141)
	at org.apache.maven.surefire.junit4.JUnit4Provider.invoke(JUnit4Provider.java:112)
	at sun.reflect.NativeMethodAccessorImpl.invoke0(Native Method)
	at sun.reflect.NativeMethodAccessorImpl.invoke(NativeMethodAccessorImpl.java:62)
	at sun.reflect.DelegatingMethodAccessorImpl.invoke(DelegatingMethodAccessorImpl.java:43)
	at java.lang.reflect.Method.invoke(Method.java:498)
	at org.apache.maven.surefire.util.ReflectionUtils.invokeMethodWithArray(ReflectionUtils.java:189)
	at org.apache.maven.surefire.booter.ProviderFactory$ProviderProxy.invoke(ProviderFactory.java:165)
	at org.apache.maven.surefire.booter.ProviderFactory.invokeProvider(ProviderFactory.java:85)
	at org.apache.maven.surefire.booter.ForkedBooter.runSuitesInProcess(ForkedBooter.java:115)
	at org.apache.maven.surefire.booter.ForkedBooter.main(ForkedBooter.java:75)
</failure>
  </testcase>
  <testcase classname="com.mysamples.ref.optym.vameork.validators.FileValidatorsTest" name="testFileIsNotEmpty" time="0.02"/>
  <testcase classname="com.mysamples.ref.optym.vameork.validators.FileValidatorsTest" name="testFileIsHavingOnlyHeaderNegateForMoreContentFile" time="0.026"/>
</testsuite>